# JRE version: OpenJDK Runtime Environment (17.0.11) (build 17.0.11+0--11852314)
# Java VM: OpenJDK 64-Bit Server VM (17.0.11+0--11852314, mixed mode, tiered, compressed oops, compressed class ptrs, g1 gc, windows-amd64)
GC Precious Log:
 CPUs: 4 total, 4 available
 Memory: 3503M
 Large Page Support: Disabled
 NUMA Support: Disabled
 Compressed Oops: Enabled (32-bit)
 Heap Region Size: 1M
 Heap Min Capacity: 8M
 Heap Initial Capacity: 56M
 Heap Max Capacity: 2G
 Pre-touch: Disabled
 Parallel Workers: 4
 Concurrent Workers: 1
 Concurrent Refinement Workers: 4
 Periodic GC: Disabled
Heap:
 garbage-first heap   total 438272K, used 242432K [0x0000000080000000, 0x0000000100000000)
  region size 1024K, 4 young (4096K), 4 survivors (4096K)
 Metaspace       used 125797K, committed 126592K, reserved 1179648K
  class space    used 17405K, committed 17792K, reserved 1048576K
GC Heap History (20 events):
Event: 48.359 GC heap after
{Heap after GC invocations=71 (full 0):
 garbage-first heap   total 219136K, used 173032K [0x0000000080000000, 0x0000000100000000)
  region size 1024K, 4 young (4096K), 4 survivors (4096K)
 Metaspace       used 113314K, committed 114048K, reserved 1179648K
  class space    used 15559K, committed 15936K, reserved 1048576K
}
Event: 48.364 GC heap before
{Heap before GC invocations=71 (full 0):
 garbage-first heap   total 219136K, used 179176K [0x0000000080000000, 0x0000000100000000)
  region size 1024K, 6 young (6144K), 4 survivors (4096K)
 Metaspace       used 113315K, committed 114048K, reserved 1179648K
  class space    used 15559K, committed 15936K, reserved 1048576K
}
Event: 48.383 GC heap after
{Heap after GC invocations=72 (full 0):
 garbage-first heap   total 438272K, used 175683K [0x0000000080000000, 0x0000000100000000)
  region size 1024K, 2 young (2048K), 2 survivors (2048K)
 Metaspace       used 113315K, committed 114048K, reserved 1179648K
  class space    used 15559K, committed 15936K, reserved 1048576K
}
Event: 49.598 GC heap before
{Heap before GC invocations=72 (full 0):
 garbage-first heap   total 438272K, used 216643K [0x0000000080000000, 0x0000000100000000)
  region size 1024K, 38 young (38912K), 2 survivors (2048K)
 Metaspace       used 113654K, committed 114432K, reserved 1179648K
  class space    used 15608K, committed 16000K, reserved 1048576K
}
Event: 49.640 GC heap after
{Heap after GC invocations=73 (full 0):
 garbage-first heap   total 438272K, used 188499K [0x0000000080000000, 0x0000000100000000)
  region size 1024K, 14 young (14336K), 14 survivors (14336K)
 Metaspace       used 113654K, committed 114432K, reserved 1179648K
  class space    used 15608K, committed 16000K, reserved 1048576K
}
Event: 51.727 GC heap before
{Heap before GC invocations=74 (full 0):
 garbage-first heap   total 438272K, used 288851K [0x0000000080000000, 0x0000000100000000)
  region size 1024K, 130 young (133120K), 14 survivors (14336K)
 Metaspace       used 116286K, committed 116992K, reserved 1179648K
  class space    used 16147K, committed 16512K, reserved 1048576K
}
Event: 52.008 GC heap after
{Heap after GC invocations=75 (full 0):
 garbage-first heap   total 438272K, used 218424K [0x0000000080000000, 0x0000000100000000)
  region size 1024K, 17 young (17408K), 17 survivors (17408K)
 Metaspace       used 116286K, committed 116992K, reserved 1179648K
  class space    used 16147K, committed 16512K, reserved 1048576K
}
Event: 52.091 GC heap before
{Heap before GC invocations=75 (full 0):
 garbage-first heap   total 438272K, used 222520K [0x0000000080000000, 0x0000000100000000)
  region size 1024K, 21 young (21504K), 17 survivors (17408K)
 Metaspace       used 116286K, committed 116992K, reserved 1179648K
  class space    used 16147K, committed 16512K, reserved 1048576K
}
Event: 52.142 GC heap after
{Heap after GC invocations=76 (full 0):
 garbage-first heap   total 438272K, used 216576K [0x0000000080000000, 0x0000000100000000)
  region size 1024K, 3 young (3072K), 3 survivors (3072K)
 Metaspace       used 116286K, committed 116992K, reserved 1179648K
  class space    used 16147K, committed 16512K, reserved 1048576K
}
Event: 57.717 GC heap before
{Heap before GC invocations=76 (full 0):
 garbage-first heap   total 438272K, used 289280K [0x0000000080000000, 0x0000000100000000)
  region size 1024K, 75 young (76800K), 3 survivors (3072K)
 Metaspace       used 119963K, committed 120768K, reserved 1179648K
  class space    used 16641K, committed 17024K, reserved 1048576K
}
Event: 57.739 GC heap after
{Heap after GC invocations=77 (full 0):
 garbage-first heap   total 438272K, used 226304K [0x0000000080000000, 0x0000000100000000)
  region size 1024K, 10 young (10240K), 10 survivors (10240K)
 Metaspace       used 119963K, committed 120768K, reserved 1179648K
  class space    used 16641K, committed 17024K, reserved 1048576K
}
Event: 59.626 GC heap before
{Heap before GC invocations=77 (full 0):
 garbage-first heap   total 438272K, used 304128K [0x0000000080000000, 0x0000000100000000)
  region size 1024K, 87 young (89088K), 10 survivors (10240K)
 Metaspace       used 121750K, committed 122560K, reserved 1179648K
  class space    used 16895K, committed 17280K, reserved 1048576K
}
Event: 59.657 GC heap after
{Heap after GC invocations=78 (full 0):
 garbage-first heap   total 438272K, used 234941K [0x0000000080000000, 0x0000000100000000)
  region size 1024K, 10 young (10240K), 10 survivors (10240K)
 Metaspace       used 121750K, committed 122560K, reserved 1179648K
  class space    used 16895K, committed 17280K, reserved 1048576K
}
Event: 61.353 GC heap before
{Heap before GC invocations=78 (full 0):
 garbage-first heap   total 438272K, used 281021K [0x0000000080000000, 0x0000000100000000)
  region size 1024K, 56 young (57344K), 10 survivors (10240K)
 Metaspace       used 123526K, committed 124288K, reserved 1179648K
  class space    used 17092K, committed 17472K, reserved 1048576K
}
Event: 61.380 GC heap after
{Heap after GC invocations=79 (full 0):
 garbage-first heap   total 438272K, used 238375K [0x0000000080000000, 0x0000000100000000)
  region size 1024K, 4 young (4096K), 4 survivors (4096K)
 Metaspace       used 123526K, committed 124288K, reserved 1179648K
  class space    used 17092K, committed 17472K, reserved 1048576K
}
Event: 76.393 GC heap before
{Heap before GC invocations=80 (full 0):
 garbage-first heap   total 438272K, used 335655K [0x0000000080000000, 0x0000000100000000)
  region size 1024K, 96 young (98304K), 4 survivors (4096K)
 Metaspace       used 125769K, committed 126592K, reserved 1179648K
  class space    used 17400K, committed 17792K, reserved 1048576K
}
Event: 76.601 GC heap after
{Heap after GC invocations=81 (full 0):
 garbage-first heap   total 438272K, used 249216K [0x0000000080000000, 0x0000000100000000)
  region size 1024K, 11 young (11264K), 11 survivors (11264K)
 Metaspace       used 125769K, committed 126592K, reserved 1179648K
  class space    used 17400K, committed 17792K, reserved 1048576K
}
Event: 76.745 GC heap before
{Heap before GC invocations=81 (full 0):
 garbage-first heap   total 438272K, used 260480K [0x0000000080000000, 0x0000000100000000)
  region size 1024K, 21 young (21504K), 11 survivors (11264K)
 Metaspace       used 125770K, committed 126592K, reserved 1179648K
  class space    used 17400K, committed 17792K, reserved 1048576K
}
Event: 76.812 GC heap after
{Heap after GC invocations=82 (full 0):
 garbage-first heap   total 438272K, used 241280K [0x0000000080000000, 0x0000000100000000)
  region size 1024K, 3 young (3072K), 3 survivors (3072K)
 Metaspace       used 125770K, committed 126592K, reserved 1179648K
  class space    used 17400K, committed 17792K, reserved 1048576K
}
Event: 76.976 GC heap before
{Heap before GC invocations=82 (full 0):
 garbage-first heap   total 438272K, used 245376K [0x0000000080000000, 0x0000000100000000)
  region size 1024K, 9 young (9216K), 3 survivors (3072K)
 Metaspace       used 125797K, committed 126592K, reserved 1179648K
  class space    used 17405K, committed 17792K, reserved 1048576K
}

